<?xml version="1.0" encoding="UTF-8"?>
<!-- Generated by org.testng.reporters.JUnitReportReporter -->
<testsuite hostname="user-VAIO" name="cdb.Tests.YourSupplierTest" tests="1" failures="0" timestamp="16 Oct 2016 23:04:01 GMT" time="9.972" errors="0">
  <testcase name="verifyHomePage" time="9.972" classname="cdb.Tests.YourSupplierTest"/>
</testsuite> <!-- cdb.Tests.YourSupplierTest -->
