<?xml version="1.0" encoding="UTF-8"?>
<!-- Generated by org.testng.reporters.JUnitReportReporter -->
<testsuite hostname="user-VAIO" name="cdb.Tests.AddNewComputerTest" tests="1" failures="0" timestamp="22 Oct 2016 05:18:51 GMT" time="176.188" errors="0">
  <testcase name="verifyHomePage" time="176.188" classname="cdb.Tests.AddNewComputerTest"/>
</testsuite> <!-- cdb.Tests.AddNewComputerTest -->
